This file contains any messages produced by compilers while
running configure, to aid debugging if configure makes a mistake.

It was created by test configure 0.0.1, which was
generated by GNU Autoconf 2.69.  Invocation command line was

  $ ./configure 

## --------- ##
## Platform. ##
## --------- ##

hostname = max-pc
uname -m = x86_64
uname -r = 5.4.0-53-generic
uname -s = Linux
uname -v = #59-Ubuntu SMP Wed Oct 21 09:38:44 UTC 2020

/usr/bin/uname -p = x86_64
/bin/uname -X     = unknown

/bin/arch              = x86_64
/usr/bin/arch -k       = unknown
/usr/convex/getsysinfo = unknown
/usr/bin/hostinfo      = unknown
/bin/machine           = unknown
/usr/bin/oslevel       = unknown
/bin/universe          = unknown

PATH: /usr/local/sbin
PATH: /usr/local/bin
PATH: /usr/sbin
PATH: /usr/bin
PATH: /sbin
PATH: /bin
PATH: /usr/games
PATH: /usr/local/games
PATH: /snap/bin
PATH: /usr/local/go/bin


## ----------- ##
## Core tests. ##
## ----------- ##

configure:2156: checking for a BSD-compatible install
configure:2224: result: /usr/bin/install -c
configure:2235: checking whether build environment is sane
configure:2290: result: yes
configure:2439: checking for a thread-safe mkdir -p
configure:2478: result: /usr/bin/mkdir -p
configure:2485: checking for gawk
configure:2515: result: no
configure:2485: checking for mawk
configure:2501: found /usr/bin/mawk
configure:2512: result: mawk
configure:2523: checking whether make sets $(MAKE)
configure:2545: result: yes
configure:2574: checking whether make supports nested variables
configure:2591: result: yes
configure:2771: checking for pkg-config
configure:2789: found /usr/bin/pkg-config
configure:2801: result: /usr/bin/pkg-config
configure:2826: checking pkg-config is at least version 0.9.0
configure:2829: result: yes
configure:2846: checking whether make supports the include directive
configure:2861: make -f confmf.GNU && cat confinc.out
this is the am__doit target
configure:2864: $? = 0
configure:2883: result: yes (GNU style)
configure:2953: checking for gcc
configure:2969: found /usr/bin/gcc
configure:2980: result: gcc
configure:3209: checking for C compiler version
configure:3218: gcc --version >&5
gcc (Ubuntu 8.4.0-3ubuntu2) 8.4.0
Copyright (C) 2018 Free Software Foundation, Inc.
This is free software; see the source for copying conditions.  There is NO
warranty; not even for MERCHANTABILITY or FITNESS FOR A PARTICULAR PURPOSE.

configure:3229: $? = 0
configure:3218: gcc -v >&5
Using built-in specs.
COLLECT_GCC=gcc
COLLECT_LTO_WRAPPER=/usr/lib/gcc/x86_64-linux-gnu/8/lto-wrapper
OFFLOAD_TARGET_NAMES=nvptx-none
OFFLOAD_TARGET_DEFAULT=1
Target: x86_64-linux-gnu
Configured with: ../src/configure -v --with-pkgversion='Ubuntu 8.4.0-3ubuntu2' --with-bugurl=file:///usr/share/doc/gcc-8/README.Bugs --enable-languages=c,ada,c++,go,brig,d,fortran,objc,obj-c++ --prefix=/usr --with-gcc-major-version-only --program-suffix=-8 --program-prefix=x86_64-linux-gnu- --enable-shared --enable-linker-build-id --libexecdir=/usr/lib --without-included-gettext --enable-threads=posix --libdir=/usr/lib --enable-nls --enable-bootstrap --enable-clocale=gnu --enable-libstdcxx-debug --enable-libstdcxx-time=yes --with-default-libstdcxx-abi=new --enable-gnu-unique-object --disable-vtable-verify --enable-libmpx --enable-plugin --enable-default-pie --with-system-zlib --with-target-system-zlib=auto --enable-objc-gc=auto --enable-multiarch --disable-werror --with-arch-32=i686 --with-abi=m64 --with-multilib-list=m32,m64,mx32 --enable-multilib --with-tune=generic --enable-offload-targets=nvptx-none --without-cuda-driver --enable-checking=release --build=x86_64-linux-gnu --host=x86_64-linux-gnu --target=x86_64-linux-gnu
Thread model: posix
gcc version 8.4.0 (Ubuntu 8.4.0-3ubuntu2) 
configure:3229: $? = 0
configure:3218: gcc -V >&5
gcc: error: unrecognized command line option '-V'
gcc: fatal error: no input files
compilation terminated.
configure:3229: $? = 1
configure:3218: gcc -qversion >&5
gcc: error: unrecognized command line option '-qversion'; did you mean '--version'?
gcc: fatal error: no input files
compilation terminated.
configure:3229: $? = 1
configure:3249: checking whether the C compiler works
configure:3271: gcc    conftest.c  >&5
configure:3275: $? = 0
configure:3323: result: yes
configure:3326: checking for C compiler default output file name
configure:3328: result: a.out
configure:3334: checking for suffix of executables
configure:3341: gcc -o conftest    conftest.c  >&5
configure:3345: $? = 0
configure:3367: result: 
configure:3389: checking whether we are cross compiling
configure:3397: gcc -o conftest    conftest.c  >&5
configure:3401: $? = 0
configure:3408: ./conftest
configure:3412: $? = 0
configure:3400: result: no
configure:3405: checking for suffix of object files
configure:3427: gcc -c   conftest.c >&5
configure:3431: $? = 0
configure:3452: result: o
configure:3456: checking whether we are using the GNU C compiler
configure:3475: gcc -c   conftest.c >&5
configure:3475: $? = 0
configure:3484: result: yes
configure:3493: checking whether gcc accepts -g
configure:3513: gcc -c -g  conftest.c >&5
configure:3513: $? = 0
configure:3554: result: yes
configure:3571: checking for gcc option to accept ISO C89
configure:3634: gcc  -c -g -O2  conftest.c >&5
configure:3634: $? = 0
configure:3647: result: none needed
configure:3672: checking whether gcc understands -c and -o together
configure:3694: gcc -c conftest.c -o conftest2.o
configure:3697: $? = 0
configure:3694: gcc -c conftest.c -o conftest2.o
configure:3697: $? = 0
configure:3709: result: yes
configure:3728: checking dependency style of gcc
configure:3839: result: gcc3
configure:3859: checking how to run the C preprocessor
configure:3890: gcc -E  conftest.c
configure:3890: $? = 0
configure:3904: gcc -E  conftest.c
conftest.c:12:10: fatal error: ac_nonexistent.h: No such file or directory
 #include <ac_nonexistent.h>
          ^~~~~~~~~~~~~~~~~~
compilation terminated.
configure:3904: $? = 1
configure: failed program was:
| /* confdefs.h */
| #define PACKAGE_NAME "test"
| #define PACKAGE_TARNAME "test"
| #define PACKAGE_VERSION "0.0.1"
| #define PACKAGE_STRING "test 0.0.1"
| #define PACKAGE_BUGREPORT "email@example.com"
| #define PACKAGE_URL ""
| #define PACKAGE_DESCRIPTION "C project application"
| #define PACKAGE "test"
| #define VERSION "0.0.1"
| /* end confdefs.h.  */
| #include <ac_nonexistent.h>
configure:3929: result: gcc -E
configure:3949: gcc -E  conftest.c
configure:3949: $? = 0
configure:3963: gcc -E  conftest.c
conftest.c:12:10: fatal error: ac_nonexistent.h: No such file or directory
 #include <ac_nonexistent.h>
          ^~~~~~~~~~~~~~~~~~
compilation terminated.
configure:3963: $? = 1
configure: failed program was:
| /* confdefs.h */
| #define PACKAGE_NAME "test"
| #define PACKAGE_TARNAME "test"
| #define PACKAGE_VERSION "0.0.1"
| #define PACKAGE_STRING "test 0.0.1"
| #define PACKAGE_BUGREPORT "email@example.com"
| #define PACKAGE_URL ""
| #define PACKAGE_DESCRIPTION "C project application"
| #define PACKAGE "test"
| #define VERSION "0.0.1"
| /* end confdefs.h.  */
| #include <ac_nonexistent.h>
configure:3991: checking for gcc option to accept ISO C99
configure:4140: gcc  -c -g -O2  conftest.c >&5
configure:4140: $? = 0
configure:4153: result: none needed
configure:4211: checking for ranlib
configure:4227: found /usr/bin/ranlib
configure:4238: result: ranlib
configure:4275: checking for grep that handles long lines and -e
configure:4333: result: /usr/bin/grep
configure:4338: checking for egrep
configure:4400: result: /usr/bin/grep -E
configure:4405: checking for ANSI C header files
configure:4425: gcc -c   conftest.c >&5
configure:4425: $? = 0
configure:4498: gcc -o conftest    conftest.c  >&5
configure:4498: $? = 0
configure:4498: ./conftest
configure:4498: $? = 0
configure:4509: result: yes
configure:4522: checking for sys/types.h
configure:4522: gcc -c   conftest.c >&5
configure:4522: $? = 0
configure:4522: result: yes
configure:4522: checking for sys/stat.h
configure:4522: gcc -c   conftest.c >&5
configure:4522: $? = 0
configure:4522: result: yes
configure:4522: checking for stdlib.h
configure:4522: gcc -c   conftest.c >&5
configure:4522: $? = 0
configure:4522: result: yes
configure:4522: checking for string.h
configure:4522: gcc -c   conftest.c >&5
configure:4522: $? = 0
configure:4522: result: yes
configure:4522: checking for memory.h
configure:4522: gcc -c   conftest.c >&5
configure:4522: $? = 0
configure:4522: result: yes
configure:4522: checking for strings.h
configure:4522: gcc -c   conftest.c >&5
configure:4522: $? = 0
configure:4522: result: yes
configure:4522: checking for inttypes.h
configure:4522: gcc -c   conftest.c >&5
configure:4522: $? = 0
configure:4522: result: yes
configure:4522: checking for stdint.h
configure:4522: gcc -c   conftest.c >&5
configure:4522: $? = 0
configure:4522: result: yes
configure:4522: checking for unistd.h
configure:4522: gcc -c   conftest.c >&5
configure:4522: $? = 0
configure:4522: result: yes
configure:4536: checking stdio.h usability
configure:4536: gcc -c   conftest.c >&5
configure:4536: $? = 0
configure:4536: result: yes
configure:4536: checking stdio.h presence
configure:4536: gcc -E  conftest.c
configure:4536: $? = 0
configure:4536: result: yes
configure:4536: checking for stdio.h
configure:4536: result: yes
configure:4548: checking for size_t
configure:4548: gcc -c   conftest.c >&5
configure:4548: $? = 0
configure:4548: gcc -c   conftest.c >&5
conftest.c: In function 'main':
conftest.c:59:21: error: expected expression before ')' token
 if (sizeof ((size_t)))
                     ^
configure:4548: $? = 1
configure: failed program was:
| /* confdefs.h */
| #define PACKAGE_NAME "test"
| #define PACKAGE_TARNAME "test"
| #define PACKAGE_VERSION "0.0.1"
| #define PACKAGE_STRING "test 0.0.1"
| #define PACKAGE_BUGREPORT "email@example.com"
| #define PACKAGE_URL ""
| #define PACKAGE_DESCRIPTION "C project application"
| #define PACKAGE "test"
| #define VERSION "0.0.1"
| #define STDC_HEADERS 1
| #define HAVE_SYS_TYPES_H 1
| #define HAVE_SYS_STAT_H 1
| #define HAVE_STDLIB_H 1
| #define HAVE_STRING_H 1
| #define HAVE_MEMORY_H 1
| #define HAVE_STRINGS_H 1
| #define HAVE_INTTYPES_H 1
| #define HAVE_STDINT_H 1
| #define HAVE_UNISTD_H 1
| #define HAVE_STDIO_H 1
| /* end confdefs.h.  */
| #include <stdio.h>
| #ifdef HAVE_SYS_TYPES_H
| # include <sys/types.h>
| #endif
| #ifdef HAVE_SYS_STAT_H
| # include <sys/stat.h>
| #endif
| #ifdef STDC_HEADERS
| # include <stdlib.h>
| # include <stddef.h>
| #else
| # ifdef HAVE_STDLIB_H
| #  include <stdlib.h>
| # endif
| #endif
| #ifdef HAVE_STRING_H
| # if !defined STDC_HEADERS && defined HAVE_MEMORY_H
| #  include <memory.h>
| # endif
| # include <string.h>
| #endif
| #ifdef HAVE_STRINGS_H
| # include <strings.h>
| #endif
| #ifdef HAVE_INTTYPES_H
| # include <inttypes.h>
| #endif
| #ifdef HAVE_STDINT_H
| # include <stdint.h>
| #endif
| #ifdef HAVE_UNISTD_H
| # include <unistd.h>
| #endif
| int
| main ()
| {
| if (sizeof ((size_t)))
| 	    return 0;
|   ;
|   return 0;
| }
configure:4548: result: yes
configure:4753: checking that generated files are newer than configure
configure:4759: result: done
configure:4786: creating ./config.status

## ---------------------- ##
## Running config.status. ##
## ---------------------- ##

This file was extended by test config.status 0.0.1, which was
generated by GNU Autoconf 2.69.  Invocation command line was

  CONFIG_FILES    = 
  CONFIG_HEADERS  = 
  CONFIG_LINKS    = 
  CONFIG_COMMANDS = 
  $ ./config.status 

on max-pc

config.status:781: creating Makefile
config.status:781: creating my_inc/Makefile
config.status:953: executing depfiles commands
config.status:1030: cd my_inc       && sed -e '/# am--include-marker/d' Makefile         | make -f - am--depfiles
config.status:1035: $? = 0

## ---------------- ##
## Cache variables. ##
## ---------------- ##

ac_cv_c_compiler_gnu=yes
ac_cv_env_CC_set=
ac_cv_env_CC_value=
ac_cv_env_CFLAGS_set=
ac_cv_env_CFLAGS_value=
ac_cv_env_CPPFLAGS_set=
ac_cv_env_CPPFLAGS_value=
ac_cv_env_CPP_set=
ac_cv_env_CPP_value=
ac_cv_env_LDFLAGS_set=
ac_cv_env_LDFLAGS_value=
ac_cv_env_LIBS_set=
ac_cv_env_LIBS_value=
ac_cv_env_PKG_CONFIG_LIBDIR_set=
ac_cv_env_PKG_CONFIG_LIBDIR_value=
ac_cv_env_PKG_CONFIG_PATH_set=
ac_cv_env_PKG_CONFIG_PATH_value=
ac_cv_env_PKG_CONFIG_set=
ac_cv_env_PKG_CONFIG_value=
ac_cv_env_build_alias_set=
ac_cv_env_build_alias_value=
ac_cv_env_host_alias_set=
ac_cv_env_host_alias_value=
ac_cv_env_target_alias_set=
ac_cv_env_target_alias_value=
ac_cv_header_inttypes_h=yes
ac_cv_header_memory_h=yes
ac_cv_header_stdc=yes
ac_cv_header_stdint_h=yes
ac_cv_header_stdio_h=yes
ac_cv_header_stdlib_h=yes
ac_cv_header_string_h=yes
ac_cv_header_strings_h=yes
ac_cv_header_sys_stat_h=yes
ac_cv_header_sys_types_h=yes
ac_cv_header_unistd_h=yes
ac_cv_objext=o
ac_cv_path_EGREP='/usr/bin/grep -E'
ac_cv_path_GREP=/usr/bin/grep
ac_cv_path_ac_pt_PKG_CONFIG=/usr/bin/pkg-config
ac_cv_path_install='/usr/bin/install -c'
ac_cv_path_mkdir=/usr/bin/mkdir
ac_cv_prog_AWK=mawk
ac_cv_prog_CPP='gcc -E'
ac_cv_prog_ac_ct_CC=gcc
ac_cv_prog_ac_ct_RANLIB=ranlib
ac_cv_prog_cc_c89=
ac_cv_prog_cc_c99=
ac_cv_prog_cc_g=yes
ac_cv_prog_make_make_set=yes
ac_cv_type_size_t=yes
am_cv_CC_dependencies_compiler_type=gcc3
am_cv_make_support_nested_variables=yes
am_cv_prog_cc_c_o=yes

## ----------------- ##
## Output variables. ##
## ----------------- ##

ACLOCAL='${SHELL} /home/max/project/max/libtest/missing aclocal-1.16'
AMDEPBACKSLASH='\'
AMDEP_FALSE='#'
AMDEP_TRUE=''
AMTAR='$${TAR-tar}'
AM_BACKSLASH='\'
AM_DEFAULT_V='$(AM_DEFAULT_VERBOSITY)'
AM_DEFAULT_VERBOSITY='1'
AM_V='$(V)'
AUTOCONF='${SHELL} /home/max/project/max/libtest/missing autoconf'
AUTOHEADER='${SHELL} /home/max/project/max/libtest/missing autoheader'
AUTOMAKE='${SHELL} /home/max/project/max/libtest/missing automake-1.16'
AWK='mawk'
CC='gcc'
CCDEPMODE='depmode=gcc3'
CFLAGS=''
CPP='gcc -E'
CPPFLAGS=''
CYGPATH_W='echo'
DEBUG_FALSE=''
DEBUG_TRUE='#'
DEFS='-DPACKAGE_NAME=\"test\" -DPACKAGE_TARNAME=\"test\" -DPACKAGE_VERSION=\"0.0.1\" -DPACKAGE_STRING=\"test\ 0.0.1\" -DPACKAGE_BUGREPORT=\"email@example.com\" -DPACKAGE_URL=\"\" -DPACKAGE_DESCRIPTION=\"C\ project\ application\" -DPACKAGE=\"test\" -DVERSION=\"0.0.1\" -DSTDC_HEADERS=1 -DHAVE_SYS_TYPES_H=1 -DHAVE_SYS_STAT_H=1 -DHAVE_STDLIB_H=1 -DHAVE_STRING_H=1 -DHAVE_MEMORY_H=1 -DHAVE_STRINGS_H=1 -DHAVE_INTTYPES_H=1 -DHAVE_STDINT_H=1 -DHAVE_UNISTD_H=1 -DHAVE_STDIO_H=1 -DDEBUG=0'
DEPDIR='.deps'
ECHO_C=''
ECHO_N='-n'
ECHO_T=''
EGREP='/usr/bin/grep -E'
EXEEXT=''
GREP='/usr/bin/grep'
INSTALL_DATA='${INSTALL} -m 644'
INSTALL_PROGRAM='${INSTALL}'
INSTALL_SCRIPT='${INSTALL}'
INSTALL_STRIP_PROGRAM='$(install_sh) -c -s'
LDFLAGS=''
LIBOBJS=''
LIBS=''
LTLIBOBJS=''
MAKEINFO='${SHELL} /home/max/project/max/libtest/missing makeinfo'
MKDIR_P='/usr/bin/mkdir -p'
OBJEXT='o'
PACKAGE='test'
PACKAGE_BUGREPORT='email@example.com'
PACKAGE_NAME='test'
PACKAGE_STRING='test 0.0.1'
PACKAGE_TARNAME='test'
PACKAGE_URL=''
PACKAGE_VERSION='0.0.1'
PATH_SEPARATOR=':'
PKG_CONFIG='/usr/bin/pkg-config'
PKG_CONFIG_LIBDIR=''
PKG_CONFIG_PATH=''
RANLIB='ranlib'
SET_MAKE=''
SHELL='/bin/bash'
STRIP=''
VERSION='0.0.1'
ac_ct_CC='gcc'
am__EXEEXT_FALSE=''
am__EXEEXT_TRUE='#'
am__fastdepCC_FALSE='#'
am__fastdepCC_TRUE=''
am__include='include'
am__isrc=''
am__leading_dot='.'
am__nodep='_no'
am__quote=''
am__tar='$${TAR-tar} chof - "$$tardir"'
am__untar='$${TAR-tar} xf -'
bindir='${exec_prefix}/bin'
build_alias=''
datadir='${datarootdir}'
datarootdir='${prefix}/share'
docdir='${datarootdir}/doc/${PACKAGE_TARNAME}'
dvidir='${docdir}'
exec_prefix='${prefix}'
host_alias=''
htmldir='${docdir}'
includedir='${prefix}/include'
infodir='${datarootdir}/info'
install_sh='${SHELL} /home/max/project/max/libtest/install-sh'
libdir='${exec_prefix}/lib'
libexecdir='${exec_prefix}/libexec'
localedir='${datarootdir}/locale'
localstatedir='${prefix}/var'
mandir='${datarootdir}/man'
mkdir_p='$(MKDIR_P)'
oldincludedir='/usr/include'
pdfdir='${docdir}'
prefix='/usr/local'
program_transform_name='s,x,x,'
psdir='${docdir}'
runstatedir='${localstatedir}/run'
sbindir='${exec_prefix}/sbin'
sharedstatedir='${prefix}/com'
sysconfdir='${prefix}/etc'
target_alias=''

## ----------- ##
## confdefs.h. ##
## ----------- ##

/* confdefs.h */
#define PACKAGE_NAME "test"
#define PACKAGE_TARNAME "test"
#define PACKAGE_VERSION "0.0.1"
#define PACKAGE_STRING "test 0.0.1"
#define PACKAGE_BUGREPORT "email@example.com"
#define PACKAGE_URL ""
#define PACKAGE_DESCRIPTION "C project application"
#define PACKAGE "test"
#define VERSION "0.0.1"
#define STDC_HEADERS 1
#define HAVE_SYS_TYPES_H 1
#define HAVE_SYS_STAT_H 1
#define HAVE_STDLIB_H 1
#define HAVE_STRING_H 1
#define HAVE_MEMORY_H 1
#define HAVE_STRINGS_H 1
#define HAVE_INTTYPES_H 1
#define HAVE_STDINT_H 1
#define HAVE_UNISTD_H 1
#define HAVE_STDIO_H 1
#define DEBUG 0

configure: exit 0
